<?xml version="1.0" encoding="UTF-8"?>
<testsuite name="no.hvl.experiment1.Experiment1ApplicationTests" tests="1" skipped="0" failures="0" errors="0" timestamp="2024-08-28T20:05:51" hostname="T" time="0.6">
  <properties/>
  <testcase name="contextLoads()" classname="no.hvl.experiment1.Experiment1ApplicationTests" time="0.6"/>
  <system-out><![CDATA[22:05:49.479 [Test worker] INFO org.springframework.test.context.support.AnnotationConfigContextLoaderUtils -- Could not detect default configuration classes for test class [no.hvl.experiment1.Experiment1ApplicationTests]: Experiment1ApplicationTests does not declare any static, non-private, non-final, nested classes annotated with @Configuration.
22:05:49.568 [Test worker] INFO org.springframework.boot.test.context.SpringBootTestContextBootstrapper -- Found @SpringBootConfiguration no.hvl.experiment1.Experiment1Application for test class no.hvl.experiment1.Experiment1ApplicationTests

  .   ____          _            __ _ _
 /\\ / ___'_ __ _ _(_)_ __  __ _ \ \ \ \
( ( )\___ | '_ | '_| | '_ \/ _` | \ \ \ \
 \\/  ___)| |_)| | | | | || (_| |  ) ) ) )
  '  |____| .__|_| |_|_| |_\__, | / / / /
 =========|_|==============|___/=/_/_/_/

 :: Spring Boot ::                (v3.3.3)

2024-08-28T22:05:49.942+02:00  INFO 24164 --- [experiment1] [    Test worker] n.h.e.Experiment1ApplicationTests        : Starting Experiment1ApplicationTests using Java 21.0.4 with PID 24164 (started by toret in C:\Users\toret\OneDrive\Desktop\DAT250\experiment1)
2024-08-28T22:05:49.943+02:00  INFO 24164 --- [experiment1] [    Test worker] n.h.e.Experiment1ApplicationTests        : No active profile set, falling back to 1 default profile: "default"
2024-08-28T22:05:51.002+02:00  INFO 24164 --- [experiment1] [    Test worker] n.h.e.Experiment1ApplicationTests        : Started Experiment1ApplicationTests in 1.271 seconds (process running for 2.388)
]]></system-out>
  <system-err><![CDATA[WARNING: A Java agent has been loaded dynamically (C:\Users\toret\.gradle\caches\modules-2\files-2.1\net.bytebuddy\byte-buddy-agent\1.14.19\154da3a65b4f4a909d3e5bdec55d1b2b4cbb6ce1\byte-buddy-agent-1.14.19.jar)
WARNING: If a serviceability tool is in use, please run with -XX:+EnableDynamicAgentLoading to hide this warning
WARNING: If a serviceability tool is not in use, please run with -Djdk.instrument.traceUsage for more information
WARNING: Dynamic loading of agents will be disallowed by default in a future release
]]></system-err>
</testsuite>
